2022-12-21T21:55:13.564Z [store-api] error GET  - relation "clientes" does not exist
2022-12-21T22:33:44.994Z [livraria-api] error PUT  - id, nome, email, senha, telefone e endereço são obrigatórios
2022-12-22T02:30:11.248Z [livraria-api] error POST  - Unexpected token } in JSON at position 79
2022-12-22T02:30:48.081Z [livraria-api] error PUT  - Unexpected token } in JSON at position 96
2022-12-22T02:52:32.060Z [livraria-api] error POST  - nome, email e telefone são obrigatórios
2022-12-22T02:52:41.360Z [livraria-api] error POST  - nome, email e autorId são obrigatórios
2022-12-22T02:55:46.906Z [livraria-api] error PUT  - Apenas o valor pode ser alterado. Valor e livroId são obrigatórios
2022-12-22T02:55:57.154Z [livraria-api] error GET  - autorId is not defined
2022-12-22T02:56:14.690Z [livraria-api] error GET  - autorId is not defined
2022-12-22T02:58:55.458Z [livraria-api] error GET  - autorId is not defined
2022-12-22T03:00:44.878Z [livraria-api] error GET  - autorId is not defined
2022-12-22T03:00:54.017Z [livraria-api] error GET  - autorId is not defined
2022-12-22T03:01:38.398Z [livraria-api] error GET  - autorId is not defined
2022-12-22T03:18:23.403Z [livraria-api] error POST  - livroId, descricao, paginas, editora e avaliações são obrigatorios
2022-12-22T03:18:41.790Z [livraria-api] error POST  - livroId, descricao, paginas, editora e avaliações são obrigatorios
2022-12-22T03:19:28.974Z [livraria-api] error POST  - livroId, descricao, paginas, editora e avaliações são obrigatorios
2022-12-22T03:19:54.657Z [livraria-api] error POST  - URI must include hostname, domain name, and tld
2022-12-22T03:20:38.976Z [livraria-api] error POST  - URI must include hostname, domain name, and tld
2022-12-22T03:22:43.333Z [livraria-api] error POST  - connection <monitor> to 177.71.185.79:27017 closed
2022-12-22T03:26:09.072Z [livraria-api] error POST  - URI must include hostname, domain name, and tld
2022-12-22T03:28:02.255Z [livraria-api] error POST  - connection <monitor> to 177.71.185.79:27017 closed
2022-12-22T13:37:15.904Z [livraria-api] error GET  - connection <monitor> to 54.232.106.242:27017 closed
2022-12-22T13:38:47.548Z [livraria-api] error GET  - connection <monitor> to 54.232.106.242:27017 closed
2022-12-22T14:10:50.734Z [livraria-api] error PUT  - LivroRepository.updateLivroInfo is not a function
2022-12-22T15:20:00.228Z [livraria-api] error POST  - LivroId e Avaliação são obrigatorios
2022-12-22T15:20:19.757Z [livraria-api] error POST  - LivroId e Avaliação são obrigatorios
2022-12-22T15:20:33.577Z [livraria-api] error POST  - LivroId e Avaliação são obrigatorios
2022-12-22T15:20:57.496Z [livraria-api] error POST  - LivroId e Avaliação são obrigatorios
2022-12-22T15:34:21.089Z [livraria-api] error DELETE  - next is not defined
2022-12-22T17:43:41.116Z [livraria-api] error POST  - data, livroId e autorId são obrigatórios
2022-12-22T17:43:55.253Z [livraria-api] error POST  - notNull Violation: vendas.valor cannot be null
2022-12-22T17:44:39.453Z [livraria-api] error POST  - notNull Violation: vendas.valor cannot be null
2022-12-22T17:45:00.263Z [livraria-api] error POST  - invalid input syntax for type timestamp with time zone: "Invalid date"
2022-12-22T18:07:55.123Z [livraria-api] error GET  - LivroService is not defined
2022-12-22T18:08:22.933Z [livraria-api] error GET  - LivroService is not defined
2022-12-22T18:08:54.951Z [livraria-api] error GET  - vendaService.getLivros is not a function
2022-12-22T18:09:51.182Z [livraria-api] error GET  - autores is not associated to vendas!
2022-12-22T18:09:55.941Z [livraria-api] error GET  - autores is not associated to vendas!
2022-12-22T18:10:23.985Z [livraria-api] error GET  - autores is not associated to vendas!
2022-12-22T18:14:06.978Z [livraria-api] error GET  - column vendas.autore_autor_id does not exist
2022-12-22T18:14:20.147Z [livraria-api] error GET  - column "autore_autor_id" does not exist
2022-12-22T18:18:48.898Z [livraria-api] error GET  - autores is not associated to vendas!
2022-12-22T18:20:44.022Z [livraria-api] error GET  - autores is not associated to vendas!
2022-12-22T18:26:27.799Z [livraria-api] error GET  - column vendas.livro.autorId does not exist
2022-12-22T18:27:38.185Z [livraria-api] error GET  - Op is not defined
2022-12-22T18:29:11.299Z [livraria-api] error GET  - Invalid value { autorId: '2' }
2022-12-22T18:30:07.107Z [livraria-api] error GET  - Invalid value { autorId: '2' }
2022-12-22T18:30:15.003Z [livraria-api] error GET  - column vendas.livro.autorId does not exist
2022-12-22T18:31:22.605Z [livraria-api] error GET  - vendasWithLivro.where is not a function
2022-12-22T18:31:37.930Z [livraria-api] error GET  - vendasWithLivro.where is not a function
2022-12-22T18:37:35.858Z [livraria-api] error GET  - column vendas.livro.autorId does not exist
2022-12-22T18:38:02.244Z [livraria-api] error GET  - column vendas.livro.autorId does not exist
2022-12-22T18:38:38.771Z [livraria-api] error GET  - column livro.autorId does not exist
2022-12-22T18:39:17.637Z [livraria-api] error GET  - column livro.autorId does not exist
2022-12-22T18:39:46.655Z [livraria-api] error GET  - missing FROM-clause entry for table "Livro"
2022-12-22T18:41:38.908Z [livraria-api] error GET  - missing FROM-clause entry for table "Livro"
2022-12-22T18:53:22.383Z [livraria-api] error POST  - insert or update on table "vendas" violates foreign key constraint "vendas_cliente_id_fkey"
2022-12-22T18:56:31.027Z [livraria-api] error DELETE  - Não se pode deletar um cliente com vendas associadas
2022-12-22T19:02:39.749Z [livraria-api] error DELETE  - Não se pode deletar um autor com livros associados
2022-12-22T19:06:06.446Z [livraria-api] error DELETE  - Não se pode deletar um livro com vendas associadas
2022-12-22T19:21:05.320Z [livraria-api] error POST  - Estoque zerado
2022-12-22T19:21:10.414Z [livraria-api] error POST  - Cannot read properties of null (reading 'estoque')
2022-12-22T19:21:22.965Z [livraria-api] error POST  - Estoque zerado
2022-12-22T19:21:44.001Z [livraria-api] error POST  - Estoque zerado
2022-12-22T19:22:10.974Z [livraria-api] error POST  - Estoque zerado
2022-12-22T19:22:26.213Z [livraria-api] error POST  - Estoque zerado
2022-12-22T19:25:38.233Z [livraria-api] error POST  - Estoque zerado
2022-12-22T19:37:41.500Z [livraria-api] error GET  - Cannot set properties of null (setting 'info')
2022-12-22T19:38:42.826Z [livraria-api] error GET  - Cannot set properties of null (setting 'info')
